<?xml version="1.0" encoding="UTF-8"?>
<testng-results ignored="0" total="4" passed="4" failed="0" skipped="0">
  <reporter-output>
  </reporter-output>
  <suite started-at="2024-04-29T13:31:31 IST" name="TutorialsNinja DemoSites" finished-at="2024-04-29T13:31:49 IST" duration-ms="18689">
    <groups>
    </groups>
    <test started-at="2024-04-29T13:31:31 IST" name="TutorialsNinja TestCases" finished-at="2024-04-29T13:31:49 IST" duration-ms="18689">
      <class name="com.qa.testcases.RegisterTest">
        <test-method is-config="true" signature="setUp()[pri:0, instance:com.qa.testcases.RegisterTest@4c402120]" started-at="2024-04-29T13:31:44 IST" name="setUp" finished-at="2024-04-29T13:31:48 IST" duration-ms="4036" status="PASS">
          <reporter-output>
          </reporter-output>
        </test-method> <!-- setUp -->
        <test-method signature="verifyRegisterWithMandatoryField()[pri:0, instance:com.qa.testcases.RegisterTest@4c402120]" started-at="2024-04-29T13:31:48 IST" name="verifyRegisterWithMandatoryField" finished-at="2024-04-29T13:31:49 IST" duration-ms="1396" status="PASS">
          <reporter-output>
          </reporter-output>
        </test-method> <!-- verifyRegisterWithMandatoryField -->
        <test-method is-config="true" signature="tearDown()[pri:0, instance:com.qa.testcases.RegisterTest@4c402120]" started-at="2024-04-29T13:31:49 IST" name="tearDown" finished-at="2024-04-29T13:31:49 IST" duration-ms="204" status="PASS">
          <reporter-output>
          </reporter-output>
        </test-method> <!-- tearDown -->
      </class> <!-- com.qa.testcases.RegisterTest -->
      <class name="com.qa.testcases.LoginTest">
        <test-method is-config="true" signature="setup()[pri:0, instance:com.qa.testcases.LoginTest@2d1ef81a]" started-at="2024-04-29T13:31:38 IST" name="setup" finished-at="2024-04-29T13:31:43 IST" duration-ms="4164" status="PASS">
          <reporter-output>
          </reporter-output>
        </test-method> <!-- setup -->
        <test-method signature="verifyWithValidCredentials()[pri:0, instance:com.qa.testcases.LoginTest@2d1ef81a]" started-at="2024-04-29T13:31:43 IST" name="verifyWithValidCredentials" finished-at="2024-04-29T13:31:43 IST" duration-ms="910" status="PASS">
          <reporter-output>
          </reporter-output>
        </test-method> <!-- verifyWithValidCredentials -->
        <test-method is-config="true" signature="tearDown()[pri:0, instance:com.qa.testcases.LoginTest@2d1ef81a]" started-at="2024-04-29T13:31:43 IST" name="tearDown" finished-at="2024-04-29T13:31:44 IST" duration-ms="205" status="PASS">
          <reporter-output>
          </reporter-output>
        </test-method> <!-- tearDown -->
      </class> <!-- com.qa.testcases.LoginTest -->
      <class name="com.qa.testcases.SearchTest">
        <test-method is-config="true" signature="setUp()[pri:0, instance:com.qa.testcases.SearchTest@14cd1699]" started-at="2024-04-29T13:31:31 IST" name="setUp" finished-at="2024-04-29T13:31:34 IST" duration-ms="3158" status="PASS">
          <reporter-output>
          </reporter-output>
        </test-method> <!-- setUp -->
        <test-method signature="verifySearchWithValidProduct()[pri:0, instance:com.qa.testcases.SearchTest@14cd1699]" started-at="2024-04-29T13:31:34 IST" name="verifySearchWithValidProduct" finished-at="2024-04-29T13:31:35 IST" duration-ms="879" status="PASS">
          <reporter-output>
          </reporter-output>
        </test-method> <!-- verifySearchWithValidProduct -->
        <test-method is-config="true" signature="tearDown()[pri:0, instance:com.qa.testcases.SearchTest@14cd1699]" started-at="2024-04-29T13:31:35 IST" name="tearDown" finished-at="2024-04-29T13:31:35 IST" duration-ms="180" status="PASS">
          <reporter-output>
          </reporter-output>
        </test-method> <!-- tearDown -->
        <test-method is-config="true" signature="setUp()[pri:0, instance:com.qa.testcases.SearchTest@14cd1699]" started-at="2024-04-29T13:31:35 IST" name="setUp" finished-at="2024-04-29T13:31:38 IST" duration-ms="2718" status="PASS">
          <reporter-output>
          </reporter-output>
        </test-method> <!-- setUp -->
        <test-method signature="verifySearchWithInValidProduct()[pri:1, instance:com.qa.testcases.SearchTest@14cd1699]" started-at="2024-04-29T13:31:38 IST" name="verifySearchWithInValidProduct" finished-at="2024-04-29T13:31:38 IST" duration-ms="398" status="PASS">
          <reporter-output>
          </reporter-output>
        </test-method> <!-- verifySearchWithInValidProduct -->
        <test-method is-config="true" signature="tearDown()[pri:0, instance:com.qa.testcases.SearchTest@14cd1699]" started-at="2024-04-29T13:31:38 IST" name="tearDown" finished-at="2024-04-29T13:31:38 IST" duration-ms="165" status="PASS">
          <reporter-output>
          </reporter-output>
        </test-method> <!-- tearDown -->
      </class> <!-- com.qa.testcases.SearchTest -->
    </test> <!-- TutorialsNinja TestCases -->
  </suite> <!-- TutorialsNinja DemoSites -->
</testng-results>
