<?xml version="1.0" encoding="UTF-8"?>
<!-- Generated by org.testng.reporters.JUnitXMLReporter -->
<testsuite ignored="0" hostname="Hp_Blaster" failures="0" tests="4" name="TutorialsNinja TestCases" time="18.689" errors="0" timestamp="2024-04-29T13:31:50 IST">
  <testcase classname="com.qa.testcases.SearchTest" name="verifySearchWithValidProduct" time="0.879"/>
  <testcase classname="com.qa.testcases.SearchTest" name="verifySearchWithInValidProduct" time="0.398"/>
  <testcase classname="com.qa.testcases.LoginTest" name="verifyWithValidCredentials" time="0.91"/>
  <testcase classname="com.qa.testcases.RegisterTest" name="verifyRegisterWithMandatoryField" time="1.396"/>
</testsuite> <!-- TutorialsNinja TestCases -->
